2026-03-24 18:56:25 | DEBUG | Connecting to DB: localhost:5433/softcart_staging
2026-03-24 18:56:27 | INFO | SQLAlchemy engine created successfully
2026-03-24 18:56:27 | INFO | Executing revenue query...
2026-03-24 18:56:27 | ERROR | Error fetching data: (psycopg2.OperationalError) connection to server on socket "@localhost/.s.PGSQL.5433" failed: No such file or directory
	Is the server running locally and accepting connections on that socket?

(Background on this error at: https://sqlalche.me/e/20/e3q8)
2026-03-24 18:57:42 | DEBUG | Connecting to DB: localhost:5433/softcart_staging
2026-03-24 18:57:42 | INFO | SQLAlchemy engine created successfully
2026-03-24 18:57:42 | INFO | Executing revenue query...
2026-03-24 18:57:42 | ERROR | Error fetching data: (psycopg2.OperationalError) connection to server at "localhost" (::1), port 5433 failed: FATAL:  password authentication failed for user "softcart_user"

(Background on this error at: https://sqlalche.me/e/20/e3q8)
2026-03-24 19:00:25 | DEBUG | Connecting to DB: 127.0.0.1:5433/softcart_staging
2026-03-24 19:00:25 | INFO | SQLAlchemy engine created successfully
2026-03-24 19:00:25 | INFO | Executing revenue query...
2026-03-24 19:00:25 | ERROR | Error fetching data: (psycopg2.OperationalError) connection to server at "127.0.0.1", port 5433 failed: FATAL:  password authentication failed for user "softcart_user"

(Background on this error at: https://sqlalche.me/e/20/e3q8)
2026-03-24 19:02:35 | DEBUG | Connecting to DB: 127.0.0.1:5433/softcart_staging
2026-03-24 19:02:35 | INFO | SQLAlchemy engine created successfully
2026-03-24 19:02:35 | INFO | Executing revenue query...
2026-03-24 19:02:35 | SUCCESS | Query returned 4 rows
2026-03-24 19:02:36 | DEBUG | Rendered dataframe and bar chart for 4 product types
2026-03-24 19:31:20 | DEBUG | Connecting to DB: 127.0.0.1:5433/softcart_staging
2026-03-24 19:31:20 | INFO | SQLAlchemy engine created successfully
2026-03-24 19:31:20 | INFO | Executing revenue query...
2026-03-24 19:31:20 | SUCCESS | Query returned 4 rows
2026-03-24 19:31:20 | DEBUG | Rendered dataframe and bar chart for 4 product types
2026-03-24 19:40:43 | DEBUG | Connecting to DB: 127.0.0.1:5433/softcart_staging
2026-03-24 19:40:43 | INFO | SQLAlchemy engine created successfully
2026-03-24 19:40:43 | INFO | Executing revenue & volume query...
2026-03-24 19:40:43 | SUCCESS | Query returned 4 rows
