2026-03-17 22:34:02.366 | INFO     | src.utility.custom_logger:<module>:33 - Logger initialized
2026-03-17 22:34:03.120 | INFO     | src.datasource.GenerateCatalog:generate_catalog_data:26 - Succesfully genrate products catalog with 141 products.
2026-03-17 22:34:03.122 | INFO     | src.pipeline:pipeline:24 - Catalog data generated with 141 records.
2026-03-17 22:34:04.038 | INFO     | src.pipeline:pipeline:28 - transactional data generated with 100000 records
2026-03-17 22:34:04.113 | INFO     | src.pipeline:pipeline:32 - Customer data generated with 1000 records.
2026-03-17 22:34:04.299 | INFO     | __main__:<module>:12 - Pipeline executed successfully data saved in data directory.
2026-03-17 22:34:04.346 | INFO     | src.databases.mysqlconn:connect:37 - MySQL Connection successful
2026-03-17 22:34:04.346 | INFO     | src.loaddata.load_mysql:load_mysql:17 - Connected to mysql ready for data loading.....
2026-03-17 22:34:04.348 | INFO     | src.loaddata.load_mysql:load_mysql:33 - Got some error while loading data to mysql 3948 (42000): Loading local data is disabled; this must be enabled on both the client and server sides
2026-03-17 22:34:04.368 | INFO     | src.databases.mongoconn:connect_mongo:35 - MongoDB Connection successful
2026-03-17 22:34:04.370 | INFO     | src.loaddata.load_mongo:load_mongo:18 - Collection already exists, dropping existing collection and creating new collection.....
2026-03-17 22:34:04.388 | INFO     | src.loaddata.load_mongo:load_mongo:23 - Data loaded to mongo.....
2026-03-17 22:34:04.388 | INFO     | src.dwh.postgressstaging:get_mysql:19 - Connected to MySQL with object <src.databases.mysqlconn.MySqlConnection object at 0x10b03d880>
2026-03-17 22:34:04.416 | INFO     | src.databases.mysqlconn:get_engine:46 - Connection successful Engine(mysql+mysqlconnector://softcart_user:***@localhost:3307/softcart_sales)
2026-03-17 22:34:04.416 | INFO     | src.dwh.postgressstaging:get_mysql:21 - Connected to MySQL with engine Engine(mysql+mysqlconnector://softcart_user:***@localhost:3307/softcart_sales)
2026-03-17 22:34:04.479 | INFO     | src.dwh.postgressstaging:get_mysql:24 - DF loaded with 0
2026-03-17 22:34:04.626 | INFO     | src.databases.postgresconn:connect:82 - PostgreSQL Connection successful
2026-03-17 22:34:04.647 | INFO     | src.databases.postgresconn:get_engine:94 - Postgres engine created Engine(postgresql+psycopg2://softcart_user:***@127.0.0.1:5433/softcart_staging)
2026-03-17 22:34:04.714 | INFO     | src.dwh.postgressstaging:load_mysql_postgres:36 - Sales and customer data loaded....
2026-03-17 22:34:04.715 | INFO     | src.databases.postgresconn:get_engine:94 - Postgres engine created Engine(postgresql+psycopg2://softcart_user:***@127.0.0.1:5433/softcart_staging)
2026-03-17 22:34:04.769 | INFO     | src.dwh.postgressstaging:load_mongo_postgres:56 - Catalog data loaded....
2026-03-17 22:34:04.769 | INFO     | __main__:<module>:30 - Data loaded From MySQL, MongoDB to Postgres staging successfully.
2026-03-17 22:37:53.474 | INFO     | src.utility.custom_logger:<module>:33 - Logger initialized
2026-03-17 22:37:54.203 | INFO     | src.datasource.GenerateCatalog:generate_catalog_data:26 - Succesfully genrate products catalog with 141 products.
2026-03-17 22:37:54.205 | INFO     | src.pipeline:pipeline:24 - Catalog data generated with 141 records.
2026-03-17 22:37:55.060 | INFO     | src.pipeline:pipeline:28 - transactional data generated with 100000 records
2026-03-17 22:37:55.125 | INFO     | src.pipeline:pipeline:32 - Customer data generated with 1000 records.
2026-03-17 22:37:55.311 | INFO     | __main__:<module>:12 - Pipeline executed successfully data saved in data directory.
2026-03-17 22:37:55.355 | INFO     | src.databases.mysqlconn:connect:37 - MySQL Connection successful
2026-03-17 22:37:55.355 | INFO     | src.loaddata.load_mysql:load_mysql:17 - Connected to mysql ready for data loading.....
2026-03-17 22:37:55.769 | INFO     | src.loaddata.load_mysql:load_mysql:22 - Sales data loaded to mysql.....
2026-03-17 22:37:55.780 | INFO     | src.loaddata.load_mysql:load_mysql:25 - Customer data loaded to mysql.....
2026-03-17 22:37:55.780 | INFO     | src.loaddata.load_mysql:load_mysql:27 - Data loading to mysql completed.....
2026-03-17 22:37:55.837 | INFO     | src.databases.mongoconn:connect_mongo:35 - MongoDB Connection successful
2026-03-17 22:37:55.841 | INFO     | src.loaddata.load_mongo:load_mongo:18 - Collection already exists, dropping existing collection and creating new collection.....
2026-03-17 22:37:55.862 | INFO     | src.loaddata.load_mongo:load_mongo:23 - Data loaded to mongo.....
2026-03-17 22:37:55.863 | INFO     | src.dwh.postgressstaging:get_mysql:19 - Connected to MySQL with object <src.databases.mysqlconn.MySqlConnection object at 0x10cffb890>
2026-03-17 22:37:55.885 | INFO     | src.databases.mysqlconn:get_engine:46 - Connection successful Engine(mysql+mysqlconnector://softcart_user:***@localhost:3307/softcart_sales)
2026-03-17 22:37:55.885 | INFO     | src.dwh.postgressstaging:get_mysql:21 - Connected to MySQL with engine Engine(mysql+mysqlconnector://softcart_user:***@localhost:3307/softcart_sales)
2026-03-17 22:37:56.420 | INFO     | src.dwh.postgressstaging:get_mysql:24 - DF loaded with 100000
2026-03-17 22:37:56.468 | INFO     | src.databases.postgresconn:connect:82 - PostgreSQL Connection successful
2026-03-17 22:37:56.490 | INFO     | src.databases.postgresconn:get_engine:94 - Postgres engine created Engine(postgresql+psycopg2://softcart_user:***@127.0.0.1:5433/softcart_staging)
2026-03-17 22:37:58.657 | INFO     | src.dwh.postgressstaging:load_mysql_postgres:36 - Sales and customer data loaded....
2026-03-17 22:37:58.659 | INFO     | src.databases.postgresconn:get_engine:94 - Postgres engine created Engine(postgresql+psycopg2://softcart_user:***@127.0.0.1:5433/softcart_staging)
2026-03-17 22:37:58.696 | INFO     | src.dwh.postgressstaging:load_mongo_postgres:56 - Catalog data loaded....
2026-03-17 22:37:58.696 | INFO     | __main__:<module>:30 - Data loaded From MySQL, MongoDB to Postgres staging successfully.
2026-03-23 18:09:53.201 | INFO     | src.utility.custom_logger:<module>:33 - Logger initialized
2026-03-23 18:13:29.668 | INFO     | src.utility.custom_logger:<module>:33 - Logger initialized
2026-03-23 18:13:58.918 | INFO     | src.utility.custom_logger:<module>:33 - Logger initialized
2026-03-23 18:14:15.661 | INFO     | src.utility.custom_logger:<module>:33 - Logger initialized
2026-03-23 18:14:49.754 | INFO     | src.datasource.GenerateCatalog:generate_catalog_data:26 - Succesfully genrate products catalog with 141 products.
2026-03-23 18:14:49.760 | INFO     | src.pipeline:pipeline:24 - Catalog data generated with 141 records.
2026-03-23 18:14:50.648 | INFO     | src.pipeline:pipeline:28 - transactional data generated with 100000 records
2026-03-23 18:14:50.713 | INFO     | src.pipeline:pipeline:32 - Customer data generated with 1000 records.
2026-03-23 18:14:52.864 | INFO     | __main__:<module>:12 - Pipeline executed successfully data saved in data directory.
2026-03-23 18:14:53.189 | INFO     | src.databases.mysqlconn:connect:37 - MySQL Connection successful
2026-03-23 18:14:53.189 | INFO     | src.loaddata.load_mysql:load_mysql:17 - Connected to mysql ready for data loading.....
2026-03-23 18:14:53.190 | INFO     | src.loaddata.load_mysql:load_mysql:33 - Got some error while loading data to mysql 3948 (42000): Loading local data is disabled; this must be enabled on both the client and server sides
2026-03-23 18:14:53.219 | INFO     | src.databases.mongoconn:connect_mongo:35 - MongoDB Connection successful
2026-03-23 18:14:53.220 | INFO     | src.loaddata.load_mongo:load_mongo:18 - Collection already exists, dropping existing collection and creating new collection.....
2026-03-23 18:14:53.233 | INFO     | src.loaddata.load_mongo:load_mongo:23 - Data loaded to mongo.....
2026-03-23 18:14:53.233 | INFO     | src.dwh.postgressstaging:get_mysql:19 - Connected to MySQL with object <src.databases.mysqlconn.MySqlConnection object at 0x1046fd880>
2026-03-23 18:14:53.248 | INFO     | src.databases.mysqlconn:get_engine:46 - Connection successful Engine(mysql+mysqlconnector://softcart_user:***@localhost:3307/softcart_sales)
2026-03-23 18:14:53.248 | INFO     | src.dwh.postgressstaging:get_mysql:21 - Connected to MySQL with engine Engine(mysql+mysqlconnector://softcart_user:***@localhost:3307/softcart_sales)
2026-03-23 18:14:53.285 | INFO     | src.dwh.postgressstaging:get_mysql:24 - DF loaded with 0
2026-03-23 18:14:53.432 | INFO     | src.databases.postgresconn:connect:82 - PostgreSQL Connection successful
2026-03-23 18:14:53.457 | INFO     | src.databases.postgresconn:get_engine:94 - Postgres engine created Engine(postgresql+psycopg2://softcart_user:***@127.0.0.1:5433/softcart_staging)
2026-03-23 18:14:53.578 | INFO     | src.dwh.postgressstaging:load_mysql_postgres:36 - Sales and customer data loaded....
2026-03-23 18:14:53.580 | INFO     | src.databases.postgresconn:get_engine:94 - Postgres engine created Engine(postgresql+psycopg2://softcart_user:***@127.0.0.1:5433/softcart_staging)
2026-03-23 18:14:53.626 | INFO     | src.dwh.postgressstaging:load_mongo_postgres:56 - Catalog data loaded....
2026-03-23 18:14:53.626 | INFO     | __main__:<module>:30 - Data loaded From MySQL, MongoDB to Postgres staging successfully.
2026-03-23 18:17:27.131 | INFO     | src.utility.custom_logger:<module>:33 - Logger initialized
2026-03-23 18:17:28.280 | INFO     | src.datasource.GenerateCatalog:generate_catalog_data:26 - Succesfully genrate products catalog with 141 products.
2026-03-23 18:17:28.281 | INFO     | src.pipeline:pipeline:24 - Catalog data generated with 141 records.
2026-03-23 18:17:29.648 | INFO     | src.pipeline:pipeline:28 - transactional data generated with 100000 records
2026-03-23 18:17:29.740 | INFO     | src.pipeline:pipeline:32 - Customer data generated with 1000 records.
2026-03-23 18:17:30.016 | INFO     | __main__:<module>:12 - Pipeline executed successfully data saved in data directory.
2026-03-23 18:17:30.090 | INFO     | src.databases.mysqlconn:connect:37 - MySQL Connection successful
2026-03-23 18:17:30.090 | INFO     | src.loaddata.load_mysql:load_mysql:17 - Connected to mysql ready for data loading.....
2026-03-23 18:17:30.093 | INFO     | src.loaddata.load_mysql:load_mysql:33 - Got some error while loading data to mysql 3948 (42000): Loading local data is disabled; this must be enabled on both the client and server sides
2026-03-23 18:17:30.137 | INFO     | src.databases.mongoconn:connect_mongo:35 - MongoDB Connection successful
2026-03-23 18:17:30.140 | INFO     | src.loaddata.load_mongo:load_mongo:18 - Collection already exists, dropping existing collection and creating new collection.....
2026-03-23 18:17:30.166 | INFO     | src.loaddata.load_mongo:load_mongo:23 - Data loaded to mongo.....
2026-03-23 18:17:30.167 | INFO     | src.dwh.postgressstaging:get_mysql:19 - Connected to MySQL with object <src.databases.mysqlconn.MySqlConnection object at 0x10bb6dcd0>
2026-03-23 18:17:30.192 | INFO     | src.databases.mysqlconn:get_engine:46 - Connection successful Engine(mysql+mysqlconnector://softcart_user:***@localhost:3307/softcart_sales)
2026-03-23 18:17:30.192 | INFO     | src.dwh.postgressstaging:get_mysql:21 - Connected to MySQL with engine Engine(mysql+mysqlconnector://softcart_user:***@localhost:3307/softcart_sales)
2026-03-23 18:17:30.253 | INFO     | src.dwh.postgressstaging:get_mysql:24 - DF loaded with 0
2026-03-23 18:17:30.349 | INFO     | src.databases.postgresconn:connect:82 - PostgreSQL Connection successful
2026-03-23 18:17:30.372 | INFO     | src.databases.postgresconn:get_engine:94 - Postgres engine created Engine(postgresql+psycopg2://softcart_user:***@127.0.0.1:5433/softcart_staging)
2026-03-23 18:17:30.607 | INFO     | src.dwh.postgressstaging:load_mysql_postgres:36 - Sales and customer data loaded....
2026-03-23 18:17:30.608 | INFO     | src.databases.postgresconn:get_engine:94 - Postgres engine created Engine(postgresql+psycopg2://softcart_user:***@127.0.0.1:5433/softcart_staging)
2026-03-23 18:17:30.693 | INFO     | src.dwh.postgressstaging:load_mongo_postgres:56 - Catalog data loaded....
2026-03-23 18:17:30.694 | INFO     | __main__:<module>:30 - Data loaded From MySQL, MongoDB to Postgres staging successfully.
2026-03-23 18:18:25.418 | INFO     | src.utility.custom_logger:<module>:33 - Logger initialized
2026-03-23 18:18:25.993 | INFO     | src.datasource.GenerateCatalog:generate_catalog_data:26 - Succesfully genrate products catalog with 141 products.
2026-03-23 18:18:25.994 | INFO     | src.pipeline:pipeline:24 - Catalog data generated with 141 records.
2026-03-23 18:18:26.846 | INFO     | src.pipeline:pipeline:28 - transactional data generated with 100000 records
2026-03-23 18:18:26.912 | INFO     | src.pipeline:pipeline:32 - Customer data generated with 1000 records.
2026-03-23 18:18:27.082 | INFO     | __main__:<module>:12 - Pipeline executed successfully data saved in data directory.
2026-03-23 18:18:27.100 | INFO     | src.databases.mysqlconn:connect:37 - MySQL Connection successful
2026-03-23 18:18:27.100 | INFO     | src.loaddata.load_mysql:load_mysql:17 - Connected to mysql ready for data loading.....
2026-03-23 18:18:27.100 | INFO     | src.loaddata.load_mysql:load_mysql:33 - Got some error while loading data to mysql 3948 (42000): Loading local data is disabled; this must be enabled on both the client and server sides
2026-03-23 18:18:27.100 | INFO     | __main__:<module>:33 - Got some exception 3948 (42000): Loading local data is disabled; this must be enabled on both the client and server sides
2026-03-23 18:18:52.327 | INFO     | src.utility.custom_logger:<module>:33 - Logger initialized
2026-03-23 18:18:53.016 | INFO     | src.datasource.GenerateCatalog:generate_catalog_data:26 - Succesfully genrate products catalog with 141 products.
2026-03-23 18:18:53.018 | INFO     | src.pipeline:pipeline:24 - Catalog data generated with 141 records.
2026-03-23 18:18:53.913 | INFO     | src.pipeline:pipeline:28 - transactional data generated with 100000 records
2026-03-23 18:18:53.984 | INFO     | src.pipeline:pipeline:32 - Customer data generated with 1000 records.
2026-03-23 18:18:54.171 | INFO     | __main__:<module>:12 - Pipeline executed successfully data saved in data directory.
2026-03-23 18:18:54.201 | INFO     | src.databases.mysqlconn:connect:37 - MySQL Connection successful
2026-03-23 18:18:54.201 | INFO     | src.loaddata.load_mysql:load_mysql:17 - Connected to mysql ready for data loading.....
2026-03-23 18:18:54.202 | ERROR    | src.loaddata.load_mysql:load_mysql:33 - Got some error while loading data to mysql 3948 (42000): Loading local data is disabled; this must be enabled on both the client and server sides
2026-03-23 18:18:54.202 | INFO     | __main__:<module>:33 - Got some exception 3948 (42000): Loading local data is disabled; this must be enabled on both the client and server sides
2026-03-23 18:26:07.851 | INFO     | src.utility.custom_logger:<module>:33 - Logger initialized
2026-03-23 18:26:09.456 | INFO     | src.datasource.GenerateCatalog:generate_catalog_data:26 - Succesfully genrate products catalog with 141 products.
2026-03-23 18:26:09.457 | INFO     | src.pipeline:pipeline:24 - Catalog data generated with 141 records.
2026-03-23 18:26:10.308 | INFO     | src.pipeline:pipeline:28 - transactional data generated with 100000 records
2026-03-23 18:26:10.375 | INFO     | src.pipeline:pipeline:32 - Customer data generated with 1000 records.
2026-03-23 18:26:10.548 | INFO     | __main__:<module>:12 - Pipeline executed successfully data saved in data directory.
2026-03-23 18:26:10.608 | INFO     | src.databases.mysqlconn:connect:37 - MySQL Connection successful
2026-03-23 18:26:10.609 | INFO     | src.loaddata.load_mysql:load_mysql:17 - Connected to mysql ready for data loading.....
2026-03-23 18:26:10.609 | ERROR    | src.loaddata.load_mysql:load_mysql:33 - Got some error while loading data to mysql 3948 (42000): Loading local data is disabled; this must be enabled on both the client and server sides
2026-03-23 18:26:10.609 | INFO     | __main__:<module>:33 - Got some exception 3948 (42000): Loading local data is disabled; this must be enabled on both the client and server sides
2026-03-23 19:18:13.097 | INFO     | src.utility.custom_logger:<module>:33 - Logger initialized
2026-03-23 19:18:25.001 | INFO     | src.utility.custom_logger:<module>:33 - Logger initialized
2026-03-23 19:18:38.187 | INFO     | src.datasource.GenerateCatalog:generate_catalog_data:26 - Succesfully genrate products catalog with 141 products.
2026-03-23 19:18:38.188 | INFO     | src.pipeline:pipeline:24 - Catalog data generated with 141 records.
2026-03-23 19:18:39.093 | INFO     | src.pipeline:pipeline:28 - transactional data generated with 100000 records
2026-03-23 19:18:39.159 | INFO     | src.pipeline:pipeline:32 - Customer data generated with 1000 records.
2026-03-23 19:18:39.337 | INFO     | __main__:<module>:12 - Pipeline executed successfully data saved in data directory.
2026-03-23 19:18:39.389 | INFO     | src.databases.mysqlconn:connect:37 - MySQL Connection successful
2026-03-23 19:18:39.389 | INFO     | src.loaddata.load_mysql:load_mysql:17 - Connected to mysql ready for data loading.....
2026-03-23 19:18:39.814 | INFO     | src.loaddata.load_mysql:load_mysql:22 - Sales data loaded to mysql.....
2026-03-23 19:18:39.828 | INFO     | src.loaddata.load_mysql:load_mysql:25 - Customer data loaded to mysql.....
2026-03-23 19:18:39.828 | INFO     | src.loaddata.load_mysql:load_mysql:27 - Data loading to mysql completed.....
2026-03-23 19:18:39.856 | INFO     | src.databases.mongoconn:connect_mongo:35 - MongoDB Connection successful
2026-03-23 19:18:39.857 | INFO     | src.loaddata.load_mongo:load_mongo:18 - Collection already exists, dropping existing collection and creating new collection.....
2026-03-23 19:18:39.865 | INFO     | src.loaddata.load_mongo:load_mongo:23 - Data loaded to mongo.....
2026-03-23 19:18:39.865 | INFO     | src.dwh.postgressstaging:get_mysql:19 - Connected to MySQL with object <src.databases.mysqlconn.MySqlConnection object at 0x10bd5fe00>
2026-03-23 19:18:39.878 | INFO     | src.databases.mysqlconn:get_engine:46 - Connection successful Engine(mysql+mysqlconnector://softcart_user:***@localhost:3307/softcart_sales)
2026-03-23 19:18:39.878 | INFO     | src.dwh.postgressstaging:get_mysql:21 - Connected to MySQL with engine Engine(mysql+mysqlconnector://softcart_user:***@localhost:3307/softcart_sales)
2026-03-23 19:18:40.282 | INFO     | src.dwh.postgressstaging:get_mysql:24 - DF loaded with 100000
2026-03-23 19:18:40.443 | INFO     | src.databases.postgresconn:connect:82 - PostgreSQL Connection successful
2026-03-23 19:18:40.466 | INFO     | src.databases.postgresconn:get_engine:94 - Postgres engine created Engine(postgresql+psycopg2://softcart_user:***@127.0.0.1:5433/softcart_staging)
2026-03-23 19:18:42.539 | INFO     | src.dwh.postgressstaging:load_mysql_postgres:36 - Sales and customer data loaded....
2026-03-23 19:18:42.540 | INFO     | src.databases.postgresconn:get_engine:94 - Postgres engine created Engine(postgresql+psycopg2://softcart_user:***@127.0.0.1:5433/softcart_staging)
2026-03-23 19:18:42.577 | INFO     | src.dwh.postgressstaging:load_mongo_postgres:56 - Catalog data loaded....
2026-03-23 19:18:42.577 | INFO     | __main__:<module>:30 - Data loaded From MySQL, MongoDB to Postgres staging successfully.
2026-03-23 19:30:39.091 | INFO     | src.utility.custom_logger:<module>:33 - Logger initialized
2026-03-23 19:30:39.783 | INFO     | src.datasource.GenerateCatalog:generate_catalog_data:26 - Succesfully genrate products catalog with 141 products.
2026-03-23 19:30:39.785 | INFO     | src.pipeline:pipeline:24 - Catalog data generated with 141 records.
2026-03-23 19:30:40.634 | INFO     | src.pipeline:pipeline:28 - transactional data generated with 100000 records
2026-03-23 19:30:40.699 | INFO     | src.pipeline:pipeline:32 - Customer data generated with 1000 records.
2026-03-23 19:30:40.877 | INFO     | __main__:<module>:12 - Pipeline executed successfully data saved in data directory.
2026-03-23 19:30:40.919 | INFO     | src.databases.mysqlconn:connect:37 - MySQL Connection successful
2026-03-23 19:30:40.919 | INFO     | src.loaddata.load_mysql:load_mysql:17 - Connected to mysql ready for data loading.....
2026-03-23 19:30:41.305 | INFO     | src.loaddata.load_mysql:load_mysql:22 - Sales data loaded to mysql.....
2026-03-23 19:30:41.309 | INFO     | src.loaddata.load_mysql:load_mysql:25 - Customer data loaded to mysql.....
2026-03-23 19:30:41.309 | INFO     | src.loaddata.load_mysql:load_mysql:27 - Data loading to mysql completed.....
2026-03-23 19:30:41.338 | INFO     | src.databases.mongoconn:connect_mongo:35 - MongoDB Connection successful
2026-03-23 19:30:41.339 | INFO     | src.loaddata.load_mongo:load_mongo:18 - Collection already exists, dropping existing collection and creating new collection.....
2026-03-23 19:30:41.348 | INFO     | src.loaddata.load_mongo:load_mongo:23 - Data loaded to mongo.....
2026-03-23 19:30:41.348 | INFO     | src.dwh.postgressstaging:get_mysql:19 - Connected to MySQL with object <src.databases.mysqlconn.MySqlConnection object at 0x1128aa0f0>
2026-03-23 19:30:41.362 | INFO     | src.databases.mysqlconn:get_engine:46 - Connection successful Engine(mysql+mysqlconnector://softcart_user:***@localhost:3307/softcart_sales)
2026-03-23 19:30:41.362 | INFO     | src.dwh.postgressstaging:get_mysql:21 - Connected to MySQL with engine Engine(mysql+mysqlconnector://softcart_user:***@localhost:3307/softcart_sales)
2026-03-23 19:30:42.180 | INFO     | src.dwh.postgressstaging:get_mysql:24 - DF loaded with 200000
2026-03-23 19:30:42.233 | INFO     | src.databases.postgresconn:connect:82 - PostgreSQL Connection successful
2026-03-23 19:30:42.251 | INFO     | src.databases.postgresconn:get_engine:94 - Postgres engine created Engine(postgresql+psycopg2://softcart_user:***@127.0.0.1:5433/softcart_staging)
2026-03-23 19:30:46.465 | INFO     | src.dwh.postgressstaging:load_mysql_postgres:36 - Sales and customer data loaded....
2026-03-23 19:30:46.467 | INFO     | src.databases.postgresconn:get_engine:94 - Postgres engine created Engine(postgresql+psycopg2://softcart_user:***@127.0.0.1:5433/softcart_staging)
2026-03-23 19:30:46.502 | INFO     | src.dwh.postgressstaging:load_mongo_postgres:56 - Catalog data loaded....
2026-03-23 19:30:46.502 | INFO     | __main__:<module>:30 - Data loaded From MySQL, MongoDB to Postgres staging successfully.
2026-03-23 19:34:08.831 | INFO     | src.utility.custom_logger:<module>:33 - Logger initialized
2026-03-23 19:34:09.468 | INFO     | src.datasource.GenerateCatalog:generate_catalog_data:26 - Succesfully genrate products catalog with 141 products.
2026-03-23 19:34:09.469 | INFO     | src.pipeline:pipeline:24 - Catalog data generated with 141 records.
2026-03-23 19:34:10.322 | INFO     | src.pipeline:pipeline:28 - transactional data generated with 100000 records
2026-03-23 19:34:10.389 | INFO     | src.pipeline:pipeline:32 - Customer data generated with 1000 records.
2026-03-23 19:34:10.558 | INFO     | __main__:<module>:12 - Pipeline executed successfully data saved in data directory.
2026-03-23 19:34:10.595 | INFO     | src.databases.mysqlconn:connect:37 - MySQL Connection successful
2026-03-23 19:34:10.596 | INFO     | src.loaddata.load_mysql:load_mysql:17 - Connected to mysql ready for data loading.....
2026-03-23 19:34:10.671 | INFO     | src.loaddata.load_mysql:load_mysql:25 - Existing data in sales_data table truncated.....
2026-03-23 19:34:11.052 | INFO     | src.loaddata.load_mysql:load_mysql:27 - Sales data loaded to mysql.....
2026-03-23 19:34:11.087 | INFO     | src.loaddata.load_mysql:load_mysql:33 - Existing data in customers table truncated.....
2026-03-23 19:34:11.094 | INFO     | src.loaddata.load_mysql:load_mysql:35 - Customer data loaded to mysql.....
2026-03-23 19:34:11.095 | INFO     | src.loaddata.load_mysql:load_mysql:37 - Data loading to mysql completed.....
2026-03-23 19:34:11.115 | INFO     | src.databases.mongoconn:connect_mongo:35 - MongoDB Connection successful
2026-03-23 19:34:11.116 | INFO     | src.loaddata.load_mongo:load_mongo:18 - Collection already exists, dropping existing collection and creating new collection.....
2026-03-23 19:34:11.125 | INFO     | src.loaddata.load_mongo:load_mongo:23 - Data loaded to mongo.....
2026-03-23 19:34:11.125 | INFO     | src.dwh.postgressstaging:get_mysql:19 - Connected to MySQL with object <src.databases.mysqlconn.MySqlConnection object at 0x114eb7e30>
2026-03-23 19:34:11.137 | INFO     | src.databases.mysqlconn:get_engine:46 - Connection successful Engine(mysql+mysqlconnector://softcart_user:***@localhost:3307/softcart_sales)
2026-03-23 19:34:11.137 | INFO     | src.dwh.postgressstaging:get_mysql:21 - Connected to MySQL with engine Engine(mysql+mysqlconnector://softcart_user:***@localhost:3307/softcart_sales)
2026-03-23 19:34:11.527 | INFO     | src.dwh.postgressstaging:get_mysql:24 - DF loaded with 100000
2026-03-23 19:34:11.574 | INFO     | src.databases.postgresconn:connect:82 - PostgreSQL Connection successful
2026-03-23 19:34:11.591 | INFO     | src.databases.postgresconn:get_engine:94 - Postgres engine created Engine(postgresql+psycopg2://softcart_user:***@127.0.0.1:5433/softcart_staging)
2026-03-23 19:34:13.590 | INFO     | src.dwh.postgressstaging:load_mysql_postgres:36 - Sales and customer data loaded....
2026-03-23 19:34:13.592 | INFO     | src.databases.postgresconn:get_engine:94 - Postgres engine created Engine(postgresql+psycopg2://softcart_user:***@127.0.0.1:5433/softcart_staging)
2026-03-23 19:34:13.624 | INFO     | src.dwh.postgressstaging:load_mongo_postgres:56 - Catalog data loaded....
2026-03-23 19:34:13.625 | INFO     | __main__:<module>:30 - Data loaded From MySQL, MongoDB to Postgres staging successfully.
2026-03-25 19:19:29.348 | INFO     | src.utility.custom_logger:<module>:33 - Logger initialized
2026-03-25 19:19:30.811 | INFO     | src.databases.postgresconn:connect:82 - PostgreSQL Connection successful
2026-03-25 19:19:30.840 | INFO     | src.databases.postgresconn:get_engine:94 - Postgres engine created Engine(postgresql+psycopg2://softcart_user:***@127.0.0.1:5433/softcart_staging)
2026-03-25 19:19:30.870 | INFO     | __main__:<module>:23 - Truncating tables...
2026-03-25 19:21:30.707 | INFO     | src.utility.custom_logger:<module>:33 - Logger initialized
2026-03-25 19:21:31.525 | INFO     | src.databases.postgresconn:connect:82 - PostgreSQL Connection successful
2026-03-25 19:21:31.545 | INFO     | src.databases.postgresconn:get_engine:94 - Postgres engine created Engine(postgresql+psycopg2://softcart_user:***@127.0.0.1:5433/softcart_staging)
2026-03-25 19:21:31.566 | INFO     | __main__:<module>:24 - Truncating tables...
2026-03-25 19:23:08.870 | INFO     | src.utility.custom_logger:<module>:33 - Logger initialized
2026-03-25 19:23:09.591 | INFO     | src.databases.postgresconn:connect:82 - PostgreSQL Connection successful
2026-03-25 19:23:09.610 | INFO     | src.databases.postgresconn:get_engine:94 - Postgres engine created Engine(postgresql+psycopg2://softcart_user:***@127.0.0.1:5433/softcart_staging)
2026-03-25 19:23:09.626 | INFO     | __main__:<module>:24 - Truncating tables...
2026-03-25 19:24:07.423 | INFO     | src.utility.custom_logger:<module>:33 - Logger initialized
2026-03-25 19:24:08.490 | INFO     | src.databases.postgresconn:connect:82 - PostgreSQL Connection successful
2026-03-25 19:24:08.511 | INFO     | src.databases.postgresconn:get_engine:94 - Postgres engine created Engine(postgresql+psycopg2://softcart_user:***@127.0.0.1:5433/softcart_staging)
2026-03-25 19:24:08.527 | INFO     | __main__:<module>:24 - Truncating tables...
2026-03-25 19:24:08.554 | INFO     | __main__:<module>:31 - Tables truncated successfully
2026-03-25 19:24:08.584 | INFO     | __main__:<module>:38 - Dim channel loaded successfully
2026-03-25 19:24:08.588 | INFO     | __main__:<module>:45 - Dim customer loaded successfully
2026-03-25 19:24:08.859 | INFO     | __main__:<module>:58 - Dim date loaded successfully
2026-03-25 19:24:08.864 | INFO     | __main__:<module>:65 - Dim product loaded successfully
2026-03-25 19:24:08.901 | INFO     | __main__:<module>:85 - Fact sales loaded successfully
2026-03-25 19:30:15.209 | INFO     | src.utility.custom_logger:<module>:33 - Logger initialized
2026-03-25 19:30:15.935 | INFO     | src.databases.postgresconn:connect:82 - PostgreSQL Connection successful
2026-03-25 19:30:15.955 | INFO     | src.databases.postgresconn:get_engine:94 - Postgres engine created Engine(postgresql+psycopg2://softcart_user:***@127.0.0.1:5433/softcart_staging)
2026-03-25 19:30:15.971 | INFO     | __main__:<module>:24 - Truncating tables...
2026-03-25 19:30:15.993 | INFO     | __main__:<module>:31 - Tables truncated successfully
2026-03-25 19:30:16.010 | INFO     | __main__:<module>:38 - Dim channel loaded successfully
2026-03-25 19:30:16.012 | INFO     | __main__:<module>:45 - Dim customer loaded successfully
2026-03-25 19:30:16.183 | INFO     | __main__:<module>:58 - Dim date loaded successfully
2026-03-25 19:30:16.195 | INFO     | __main__:<module>:65 - Dim promotion loaded successfully
2026-03-25 19:30:16.197 | INFO     | __main__:<module>:72 - Dim product loaded successfully
2026-03-25 19:30:17.547 | INFO     | __main__:<module>:92 - Fact sales loaded successfully
