2026-03-25 19:55:03.705 | INFO     | src.utility.custom_logger:<module>:33 - Logger initialized
2026-03-25 19:55:06.028 | INFO     | src.datasource.GenerateCatalog:generate_catalog_data:26 - Succesfully genrate products catalog with 141 products.
2026-03-25 19:55:06.032 | INFO     | __main__:data_to_csv:25 - Catalog data generated with 141 records.
2026-03-25 19:55:08.998 | INFO     | __main__:data_to_csv:29 - transactional data generated with 100000 records
2026-03-25 19:55:09.185 | INFO     | __main__:data_to_csv:33 - Customer data generated with 1000 records.
2026-03-25 19:55:09.880 | INFO     | __main__:<module>:49 - Step 1: Data Generated
2026-03-25 19:55:09.941 | INFO     | src.databases.mysqlconn:connect:37 - MySQL Connection successful
2026-03-25 19:55:09.942 | INFO     | src.services.load_mysql:load_mysql:17 - Connected to mysql ready for data loading.....
2026-03-25 19:55:09.979 | INFO     | src.services.load_mysql:load_mysql:23 - Existing data in sales_data table is 100000 records.....
2026-03-25 19:55:10.013 | INFO     | src.services.load_mysql:load_mysql:26 - Existing data in sales_data table truncated.....
2026-03-25 19:55:10.458 | INFO     | src.services.load_mysql:load_mysql:28 - Sales data loaded to mysql.....
2026-03-25 19:55:10.460 | INFO     | src.services.load_mysql:load_mysql:32 - Existing data in customers table is 1000 records.....
2026-03-25 19:55:10.481 | INFO     | src.services.load_mysql:load_mysql:35 - Existing data in customers table truncated.....
2026-03-25 19:55:10.493 | INFO     | src.services.load_mysql:load_mysql:37 - Customer data loaded to mysql.....
2026-03-25 19:55:10.494 | INFO     | src.services.load_mysql:load_mysql:39 - Data loading to mysql completed.....
2026-03-25 19:55:10.528 | INFO     | src.databases.mongoconn:connect_mongo:35 - MongoDB Connection successful
2026-03-25 19:55:10.530 | INFO     | src.services.load_mongo:load_mongo:18 - Collection already exists, dropping existing collection and creating new collection.....
2026-03-25 19:55:10.542 | INFO     | src.services.load_mongo:load_mongo:23 - Data loaded to mongo.....
2026-03-25 19:55:10.543 | INFO     | __main__:<module>:54 - Step 2: OLTP Loaded
2026-03-25 19:55:10.543 | INFO     | src.services.staging:get_mysql:20 - Connected to MySQL with object <src.databases.mysqlconn.MySqlConnection object at 0x11c04a2a0>
2026-03-25 19:55:10.571 | INFO     | src.databases.mysqlconn:get_engine:46 - Connection successful Engine(mysql+mysqlconnector://softcart_user:***@localhost:3307/softcart_sales)
2026-03-25 19:55:10.571 | INFO     | src.services.staging:get_mysql:22 - Connected to MySQL with engine Engine(mysql+mysqlconnector://softcart_user:***@localhost:3307/softcart_sales)
2026-03-25 19:55:11.977 | INFO     | src.services.staging:get_mysql:25 - DF loaded with 100000
2026-03-25 19:55:12.095 | INFO     | src.databases.postgresconn:connect:82 - PostgreSQL Connection successful
2026-03-25 19:55:12.134 | INFO     | src.databases.postgresconn:get_engine:94 - Postgres engine created Engine(postgresql+psycopg2://softcart_user:***@127.0.0.1:5433/softcart_staging)
2026-03-25 19:55:16.919 | INFO     | src.services.staging:load_mysql_postgres:41 - Sales and customer data loaded....
2026-03-25 19:55:16.923 | INFO     | src.databases.postgresconn:get_engine:94 - Postgres engine created Engine(postgresql+psycopg2://softcart_user:***@127.0.0.1:5433/softcart_staging)
2026-03-25 19:55:16.957 | INFO     | src.services.staging:load_mongo_postgres:64 - Catalog data loaded....
2026-03-25 19:55:16.957 | INFO     | __main__:<module>:62 - Step 3: Stagging loaded
2026-03-25 19:55:16.960 | INFO     | src.databases.postgresconn:get_engine:94 - Postgres engine created Engine(postgresql+psycopg2://softcart_user:***@127.0.0.1:5433/softcart_staging)
2026-03-25 19:55:16.977 | INFO     | src.services.analytics:load_analytics:24 - Truncating tables...
2026-03-25 19:55:17.002 | INFO     | src.services.analytics:load_analytics:31 - Tables truncated successfully
2026-03-25 19:55:17.022 | INFO     | src.services.analytics:load_analytics:38 - Dim channel loaded successfully
2026-03-25 19:55:17.025 | INFO     | src.services.analytics:load_analytics:45 - Dim customer loaded successfully
2026-03-25 19:55:17.191 | INFO     | src.services.analytics:load_analytics:58 - Dim date loaded successfully
2026-03-25 19:55:17.202 | INFO     | src.services.analytics:load_analytics:65 - Dim promotion loaded successfully
2026-03-25 19:55:17.203 | INFO     | src.services.analytics:load_analytics:72 - Dim product loaded successfully
2026-03-25 19:55:18.574 | INFO     | src.services.analytics:load_analytics:92 - Fact sales loaded successfully
2026-03-25 19:55:18.576 | INFO     | __main__:<module>:66 - Step 4: Analytics loaded
